time="2024-04-14T23:36:12+03:00" level=info msg="config.database.password: mplspsql"
time="2024-04-14T23:36:12+03:00" level=info msg="config.database.dbname: transactionsdb"
time="2024-04-14T23:36:12+03:00" level=info msg="config.database.sslmode: disable"
time="2024-04-14T23:36:12+03:00" level=info msg="config.database.host: localhost"
time="2024-04-14T23:36:12+03:00" level=info msg="config.database.port: 5432"
time="2024-04-14T23:36:12+03:00" level=info msg="config.database.user: mplspsql"
time="2024-04-14T23:36:12+03:00" level=info msg="config.restapi.host: localhost"
time="2024-04-14T23:36:12+03:00" level=info msg="config.restapi.sslmode: disable"
time="2024-04-14T23:36:12+03:00" level=info msg="config.restapi.port: 8080"
time="2024-04-14T23:36:12+03:00" level=info msg="dbs.ConnectDB: Connect() - Connection Opened to Database"
time="2024-04-14T23:36:12+03:00" level=info msg="dbs.MigrateDB: Model USERS Migration Completed"
time="2024-04-14T23:36:12+03:00" level=info msg="dbs.MigrateDB: Model TRANSACTIONS Migration Completed"
time="2024-04-14T23:36:12+03:00" level=info msg="dbs.CloseDB: Database CLOSE Completed"
time="2024-04-14T23:39:12+03:00" level=info msg="config.database.sslmode: disable"
time="2024-04-14T23:39:12+03:00" level=info msg="config.database.host: localhost"
time="2024-04-14T23:39:12+03:00" level=info msg="config.database.port: 5432"
time="2024-04-14T23:39:12+03:00" level=info msg="config.database.password: mplspsql"
time="2024-04-14T23:39:12+03:00" level=info msg="config.database.user: mplspsql"
time="2024-04-14T23:39:12+03:00" level=info msg="config.database.dbname: transactionsdb"
time="2024-04-14T23:39:12+03:00" level=info msg="config.restapi.host: localhost"
time="2024-04-14T23:39:12+03:00" level=info msg="config.restapi.port: 8080"
time="2024-04-14T23:39:12+03:00" level=info msg="config.restapi.sslmode: disable"
time="2024-04-14T23:39:12+03:00" level=info msg="dbs.ConnectDB: Connect() - Connection Opened to Database"
time="2024-04-14T23:39:12+03:00" level=info msg="dbs.MigrateDB: Model USERS Migration Completed"
time="2024-04-14T23:39:12+03:00" level=info msg="dbs.MigrateDB: Model TRANSACTIONS Migration Completed"
time="2024-04-14T23:39:12+03:00" level=info msg="dbs.CloseDB: Database CLOSE Completed"
