time="2024-04-14T19:10:29+03:00" level=info msg="config.restapi.host: localhost"
time="2024-04-14T19:10:29+03:00" level=info msg="config.restapi.sslmode: disable"
time="2024-04-14T19:10:29+03:00" level=info msg="config.restapi.port: 8080"
time="2024-04-14T19:10:29+03:00" level=info msg="config.database.user: mplspsql"
time="2024-04-14T19:10:29+03:00" level=info msg="config.database.dbname: transactionsdb"
time="2024-04-14T19:10:29+03:00" level=info msg="config.database.sslmode: disable"
time="2024-04-14T19:10:29+03:00" level=info msg="config.database.password: mplspsql"
time="2024-04-14T19:10:29+03:00" level=info msg="config.database.host: localhost"
time="2024-04-14T19:10:29+03:00" level=info msg="config.database.port: 5432"
time="2024-04-14T19:10:29+03:00" level=info msg="dbs.ConnectDB: Connect() - Connection Opened to Database"
time="2024-04-14T19:10:29+03:00" level=info msg="dbs.MigrateDB: Model USERS Migration Completed"
time="2024-04-14T19:10:29+03:00" level=info msg="dbs.MigrateDB: Model TRANSACTIONS Migration Completed"
time="2024-04-14T19:10:29+03:00" level=info msg="======= Starting server on :8080 ========="
time="2024-04-14T19:15:29+03:00" level=info msg="config.database.user: mplspsql"
time="2024-04-14T19:15:29+03:00" level=info msg="config.database.password: mplspsql"
time="2024-04-14T19:15:29+03:00" level=info msg="config.database.host: localhost"
time="2024-04-14T19:15:29+03:00" level=info msg="config.database.port: 5432"
time="2024-04-14T19:15:29+03:00" level=info msg="config.database.dbname: transactionsdb"
time="2024-04-14T19:15:29+03:00" level=info msg="config.database.sslmode: disable"
time="2024-04-14T19:15:29+03:00" level=info msg="config.restapi.host: localhost"
time="2024-04-14T19:15:29+03:00" level=info msg="config.restapi.sslmode: disable"
time="2024-04-14T19:15:29+03:00" level=info msg="config.restapi.port: 8080"
time="2024-04-14T19:15:29+03:00" level=info msg="dbs.ConnectDB: Connect() - Connection Opened to Database"
time="2024-04-14T19:15:29+03:00" level=info msg="dbs.MigrateDB: Model USERS Migration Completed"
time="2024-04-14T19:15:29+03:00" level=info msg="dbs.MigrateDB: Model TRANSACTIONS Migration Completed"
time="2024-04-14T19:15:29+03:00" level=info msg="======= Starting server on :8080 ========="
time="2024-04-14T19:19:32+03:00" level=info msg="config.database.port: 5432"
time="2024-04-14T19:19:32+03:00" level=info msg="config.database.user: mplspsql"
time="2024-04-14T19:19:32+03:00" level=info msg="config.database.host: localhost"
time="2024-04-14T19:19:32+03:00" level=info msg="config.database.password: mplspsql"
time="2024-04-14T19:19:32+03:00" level=info msg="config.database.dbname: transactionsdb"
time="2024-04-14T19:19:32+03:00" level=info msg="config.database.sslmode: disable"
time="2024-04-14T19:19:32+03:00" level=info msg="config.restapi.port: 8089"
time="2024-04-14T19:19:32+03:00" level=info msg="config.restapi.sslmode: disable"
time="2024-04-14T19:19:32+03:00" level=info msg="config.restapi.host: localhost"
time="2024-04-14T19:19:32+03:00" level=info msg="dbs.ConnectDB: Connect() - Connection Opened to Database"
time="2024-04-14T19:19:32+03:00" level=info msg="dbs.MigrateDB: Model USERS Migration Completed"
time="2024-04-14T19:19:32+03:00" level=info msg="dbs.MigrateDB: Model TRANSACTIONS Migration Completed"
time="2024-04-14T19:19:32+03:00" level=info msg="======= Starting server on :8080 ========="
time="2024-04-14T19:25:45+03:00" level=info msg="config.restapi.host: localhost"
time="2024-04-14T19:25:45+03:00" level=info msg="config.restapi.port: 8089"
time="2024-04-14T19:25:45+03:00" level=info msg="config.restapi.sslmode: disable"
time="2024-04-14T19:25:45+03:00" level=info msg="config.database.port: 5432"
time="2024-04-14T19:25:45+03:00" level=info msg="config.database.user: mplspsql"
time="2024-04-14T19:25:45+03:00" level=info msg="config.database.dbname: transactionsdb"
time="2024-04-14T19:25:45+03:00" level=info msg="config.database.sslmode: disable"
time="2024-04-14T19:25:45+03:00" level=info msg="config.database.host: localhost"
time="2024-04-14T19:25:45+03:00" level=info msg="config.database.password: mplspsql"
time="2024-04-14T19:25:45+03:00" level=info msg="dbs.ConnectDB: Connect() - Connection Opened to Database"
time="2024-04-14T19:25:45+03:00" level=info msg="dbs.MigrateDB: Model USERS Migration Completed"
time="2024-04-14T19:25:45+03:00" level=info msg="dbs.MigrateDB: Model TRANSACTIONS Migration Completed"
time="2024-04-14T19:25:45+03:00" level=info msg="======= Starting server on port %d8089 ======="
time="2024-04-14T19:25:45+03:00" level=fatal msg="listen tcp: lookup tcp/%d8089: unknown port"
time="2024-04-14T19:26:00+03:00" level=info msg="config.database.sslmode: disable"
time="2024-04-14T19:26:00+03:00" level=info msg="config.database.host: localhost"
time="2024-04-14T19:26:00+03:00" level=info msg="config.database.port: 5432"
time="2024-04-14T19:26:00+03:00" level=info msg="config.database.password: mplspsql"
time="2024-04-14T19:26:00+03:00" level=info msg="config.database.dbname: transactionsdb"
time="2024-04-14T19:26:00+03:00" level=info msg="config.database.user: mplspsql"
time="2024-04-14T19:26:00+03:00" level=info msg="config.restapi.host: localhost"
time="2024-04-14T19:26:00+03:00" level=info msg="config.restapi.port: 8089"
time="2024-04-14T19:26:00+03:00" level=info msg="config.restapi.sslmode: disable"
time="2024-04-14T19:26:00+03:00" level=info msg="dbs.ConnectDB: Connect() - Connection Opened to Database"
time="2024-04-14T19:26:00+03:00" level=info msg="dbs.MigrateDB: Model USERS Migration Completed"
time="2024-04-14T19:26:00+03:00" level=info msg="dbs.MigrateDB: Model TRANSACTIONS Migration Completed"
time="2024-04-14T19:26:00+03:00" level=info msg="======= Starting server on port %d8089 ======="
time="2024-04-14T19:26:00+03:00" level=fatal msg="listen tcp: lookup tcp/%d8089: unknown port"
time="2024-04-14T19:26:39+03:00" level=info msg="config.restapi.sslmode: disable"
time="2024-04-14T19:26:39+03:00" level=info msg="config.restapi.port: 8089"
time="2024-04-14T19:26:39+03:00" level=info msg="config.restapi.host: localhost"
time="2024-04-14T19:26:39+03:00" level=info msg="config.database.user: mplspsql"
time="2024-04-14T19:26:39+03:00" level=info msg="config.database.sslmode: disable"
time="2024-04-14T19:26:39+03:00" level=info msg="config.database.host: localhost"
time="2024-04-14T19:26:39+03:00" level=info msg="config.database.port: 5432"
time="2024-04-14T19:26:39+03:00" level=info msg="config.database.password: mplspsql"
time="2024-04-14T19:26:39+03:00" level=info msg="config.database.dbname: transactionsdb"
time="2024-04-14T19:26:39+03:00" level=info msg="dbs.ConnectDB: Connect() - Connection Opened to Database"
time="2024-04-14T19:26:39+03:00" level=info msg="dbs.MigrateDB: Model USERS Migration Completed"
time="2024-04-14T19:26:39+03:00" level=info msg="dbs.MigrateDB: Model TRANSACTIONS Migration Completed"
time="2024-04-14T19:26:39+03:00" level=info msg="======= Starting server on port 8089 ======="
time="2024-04-14T19:30:07+03:00" level=info msg="config.database.password: mplspsql"
time="2024-04-14T19:30:07+03:00" level=info msg="config.database.dbname: transactionsdb"
time="2024-04-14T19:30:07+03:00" level=info msg="config.database.sslmode: disable"
time="2024-04-14T19:30:07+03:00" level=info msg="config.database.port: 5432"
time="2024-04-14T19:30:07+03:00" level=info msg="config.database.host: localhost"
time="2024-04-14T19:30:07+03:00" level=info msg="config.database.user: mplspsql"
time="2024-04-14T19:30:07+03:00" level=info msg="config.restapi.host: localhost"
time="2024-04-14T19:30:07+03:00" level=info msg="config.restapi.port: 8080"
time="2024-04-14T19:30:07+03:00" level=info msg="config.restapi.sslmode: disable"
time="2024-04-14T19:30:07+03:00" level=info msg="dbs.ConnectDB: Connect() - Connection Opened to Database"
time="2024-04-14T19:30:07+03:00" level=info msg="dbs.MigrateDB: Model USERS Migration Completed"
time="2024-04-14T19:30:07+03:00" level=info msg="dbs.MigrateDB: Model TRANSACTIONS Migration Completed"
time="2024-04-14T19:30:07+03:00" level=info msg="======= Starting server on port 8080 ======="
time="2024-04-14T19:31:29+03:00" level=info msg="handlers.message: Transaction success"
time="2024-04-14T19:31:29+03:00" level=info msg="handlers.method: POST"
time="2024-04-14T19:31:29+03:00" level=info msg="handlers.path: /transactions"
time="2024-04-14T19:32:43+03:00" level=info msg="handlers.method: POST"
time="2024-04-14T19:32:43+03:00" level=info msg="handlers.path: /transactions"
time="2024-04-14T19:32:43+03:00" level=info msg="handlers.message: Transaction success"
time="2024-04-14T19:32:48+03:00" level=info msg="handlers.status: 200"
time="2024-04-14T19:32:48+03:00" level=info msg="handlers.method: POST"
time="2024-04-14T19:32:48+03:00" level=info msg="handlers.path: /transactions"
time="2024-04-14T19:32:48+03:00" level=info msg="handlers.error: Transaction failed"
time="2024-04-14T19:32:55+03:00" level=info msg="handlers.status: 200"
time="2024-04-14T19:32:55+03:00" level=info msg="handlers.method: POST"
time="2024-04-14T19:32:55+03:00" level=info msg="handlers.path: /transactions"
time="2024-04-14T19:32:55+03:00" level=info msg="handlers.error: Transaction failed"
time="2024-04-14T19:33:31+03:00" level=info msg="handlers.method: GET"
time="2024-04-14T19:33:31+03:00" level=info msg="handlers.path: /transactions"
time="2024-04-14T19:33:31+03:00" level=info msg="handlers.message: Transaction success"
time="2024-04-14T19:33:38+03:00" level=info msg="handlers.status: 200"
time="2024-04-14T19:33:38+03:00" level=info msg="handlers.method: PUT"
time="2024-04-14T19:33:38+03:00" level=info msg="handlers.path: /transactions/10"
time="2024-04-14T19:33:38+03:00" level=info msg="handlers.error: Transaction user_id user_id not found"
time="2024-04-14T19:33:45+03:00" level=info msg="handlers.error: user_id user_id is required"
time="2024-04-14T19:33:45+03:00" level=info msg="handlers.status: 200"
time="2024-04-14T19:33:45+03:00" level=info msg="handlers.method: DELETE"
time="2024-04-14T19:33:45+03:00" level=info msg="handlers.path: /transactions/2"
time="2024-04-14T20:29:04+03:00" level=info msg="config.restapi.host: localhost"
time="2024-04-14T20:29:04+03:00" level=info msg="config.restapi.port: 8080"
time="2024-04-14T20:29:04+03:00" level=info msg="config.restapi.sslmode: disable"
time="2024-04-14T20:29:04+03:00" level=info msg="config.database.user: mplspsql"
time="2024-04-14T20:29:04+03:00" level=info msg="config.database.password: mplspsql"
time="2024-04-14T20:29:04+03:00" level=info msg="config.database.dbname: transactionsdb"
time="2024-04-14T20:29:04+03:00" level=info msg="config.database.sslmode: disable"
time="2024-04-14T20:29:04+03:00" level=info msg="config.database.host: localhost"
time="2024-04-14T20:29:04+03:00" level=info msg="config.database.port: 5432"
time="2024-04-14T20:29:04+03:00" level=info msg="dbs.ConnectDB: Connect() - Connection Opened to Database"
time="2024-04-14T20:29:04+03:00" level=info msg="dbs.MigrateDB: Model USERS Migration Completed"
time="2024-04-14T20:29:04+03:00" level=info msg="dbs.MigrateDB: Model TRANSACTIONS Migration Completed"
time="2024-04-14T20:29:04+03:00" level=info msg="======= Starting server on port 8080 ======="
time="2024-04-14T20:29:49+03:00" level=info msg="handlers.method: POST"
time="2024-04-14T20:29:49+03:00" level=info msg="handlers.path: /transactions"
time="2024-04-14T20:29:49+03:00" level=info msg="handlers.message: Transaction success"
time="2024-04-14T20:36:20+03:00" level=info msg="handlers.method: GET"
time="2024-04-14T20:36:20+03:00" level=info msg="handlers.path: /transactions"
time="2024-04-14T20:36:20+03:00" level=info msg="handlers.message: Transaction response success"
time="2024-04-14T20:39:14+03:00" level=info msg="config.restapi.sslmode: disable"
time="2024-04-14T20:39:14+03:00" level=info msg="config.restapi.host: localhost"
time="2024-04-14T20:39:14+03:00" level=info msg="config.restapi.port: 8080"
time="2024-04-14T20:39:14+03:00" level=info msg="config.database.port: 5432"
time="2024-04-14T20:39:14+03:00" level=info msg="config.database.password: mplspsql"
time="2024-04-14T20:39:14+03:00" level=info msg="config.database.dbname: transactionsdb"
time="2024-04-14T20:39:14+03:00" level=info msg="config.database.sslmode: disable"
time="2024-04-14T20:39:14+03:00" level=info msg="config.database.host: localhost"
time="2024-04-14T20:39:14+03:00" level=info msg="config.database.user: mplspsql"
time="2024-04-14T20:39:14+03:00" level=info msg="dbs.ConnectDB: Connect() - Connection Opened to Database"
time="2024-04-14T20:39:14+03:00" level=info msg="dbs.MigrateDB: Model USERS Migration Completed"
time="2024-04-14T20:39:14+03:00" level=info msg="dbs.MigrateDB: Model TRANSACTIONS Migration Completed"
time="2024-04-14T20:39:14+03:00" level=info msg="======= Starting server on port 8080 ======="
time="2024-04-14T20:39:27+03:00" level=info msg="handlers.path: /transactions/2"
time="2024-04-14T20:39:27+03:00" level=info msg="handlers.error: Find failed"
time="2024-04-14T20:39:27+03:00" level=info msg="handlers.status: 200"
time="2024-04-14T20:39:27+03:00" level=info msg="handlers.method: GET"
time="2024-04-14T20:40:40+03:00" level=info msg="handlers.path: /transactions/2"
time="2024-04-14T20:40:40+03:00" level=info msg="handlers.message: Find  success"
time="2024-04-14T20:40:40+03:00" level=info msg="handlers.method: GET"
time="2024-04-14T20:43:39+03:00" level=info msg="handlers.method: GET"
time="2024-04-14T20:43:39+03:00" level=info msg="handlers.path: /transactions/2"
time="2024-04-14T20:43:39+03:00" level=info msg="handlers.message: Find  success"
time="2024-04-14T20:45:24+03:00" level=info msg="config.database.host: localhost"
time="2024-04-14T20:45:24+03:00" level=info msg="config.database.port: 5432"
time="2024-04-14T20:45:24+03:00" level=info msg="config.database.password: mplspsql"
time="2024-04-14T20:45:24+03:00" level=info msg="config.database.sslmode: disable"
time="2024-04-14T20:45:24+03:00" level=info msg="config.database.user: mplspsql"
time="2024-04-14T20:45:24+03:00" level=info msg="config.database.dbname: transactionsdb"
time="2024-04-14T20:45:24+03:00" level=info msg="config.restapi.host: localhost"
time="2024-04-14T20:45:24+03:00" level=info msg="config.restapi.port: 8080"
time="2024-04-14T20:45:24+03:00" level=info msg="config.restapi.sslmode: disable"
time="2024-04-14T20:45:24+03:00" level=info msg="dbs.ConnectDB: Connect() - Connection Opened to Database"
time="2024-04-14T20:45:24+03:00" level=info msg="dbs.MigrateDB: Model USERS Migration Completed"
time="2024-04-14T20:45:24+03:00" level=info msg="dbs.MigrateDB: Model TRANSACTIONS Migration Completed"
time="2024-04-14T20:45:24+03:00" level=info msg="======= Starting server on port 8080 ======="
time="2024-04-14T20:45:34+03:00" level=info msg="handlers.message: Find  success"
time="2024-04-14T20:45:34+03:00" level=info msg="handlers.method: GET"
time="2024-04-14T20:45:34+03:00" level=info msg="handlers.path: /transactions/2"
time="2024-04-14T20:46:21+03:00" level=info msg="handlers.method: GET"
time="2024-04-14T20:46:21+03:00" level=info msg="handlers.path: /transactions/2"
time="2024-04-14T20:46:21+03:00" level=info msg="handlers.message: Find  success"
time="2024-04-14T20:46:30+03:00" level=info msg="config.database.password: mplspsql"
time="2024-04-14T20:46:30+03:00" level=info msg="config.database.dbname: transactionsdb"
time="2024-04-14T20:46:30+03:00" level=info msg="config.database.sslmode: disable"
time="2024-04-14T20:46:30+03:00" level=info msg="config.database.port: 5432"
time="2024-04-14T20:46:30+03:00" level=info msg="config.database.user: mplspsql"
time="2024-04-14T20:46:30+03:00" level=info msg="config.database.host: localhost"
time="2024-04-14T20:46:30+03:00" level=info msg="config.restapi.host: localhost"
time="2024-04-14T20:46:30+03:00" level=info msg="config.restapi.sslmode: disable"
time="2024-04-14T20:46:30+03:00" level=info msg="config.restapi.port: 8080"
time="2024-04-14T20:46:30+03:00" level=info msg="dbs.ConnectDB: Connect() - Connection Opened to Database"
time="2024-04-14T20:46:30+03:00" level=info msg="dbs.MigrateDB: Model USERS Migration Completed"
time="2024-04-14T20:46:30+03:00" level=info msg="dbs.MigrateDB: Model TRANSACTIONS Migration Completed"
time="2024-04-14T20:46:30+03:00" level=info msg="======= Starting server on port 8080 ======="
time="2024-04-14T20:46:33+03:00" level=info msg="handlers.method: GET"
time="2024-04-14T20:46:33+03:00" level=info msg="handlers.path: /transactions/2"
time="2024-04-14T20:46:33+03:00" level=info msg="handlers.message: Find  success"
time="2024-04-14T20:47:48+03:00" level=info msg="config.database.user: mplspsql"
time="2024-04-14T20:47:48+03:00" level=info msg="config.database.dbname: transactionsdb"
time="2024-04-14T20:47:48+03:00" level=info msg="config.database.sslmode: disable"
time="2024-04-14T20:47:48+03:00" level=info msg="config.database.host: localhost"
time="2024-04-14T20:47:48+03:00" level=info msg="config.database.password: mplspsql"
time="2024-04-14T20:47:48+03:00" level=info msg="config.database.port: 5432"
time="2024-04-14T20:47:48+03:00" level=info msg="config.restapi.port: 8080"
time="2024-04-14T20:47:48+03:00" level=info msg="config.restapi.sslmode: disable"
time="2024-04-14T20:47:48+03:00" level=info msg="config.restapi.host: localhost"
time="2024-04-14T20:47:48+03:00" level=info msg="dbs.ConnectDB: Connect() - Connection Opened to Database"
time="2024-04-14T20:47:48+03:00" level=info msg="dbs.MigrateDB: Model USERS Migration Completed"
time="2024-04-14T20:47:48+03:00" level=info msg="dbs.MigrateDB: Model TRANSACTIONS Migration Completed"
time="2024-04-14T20:47:48+03:00" level=info msg="======= Starting server on port 8080 ======="
time="2024-04-14T20:47:57+03:00" level=info msg="handlers.method: GET"
time="2024-04-14T20:47:57+03:00" level=info msg="handlers.path: /transactions/2"
time="2024-04-14T20:47:57+03:00" level=info msg="handlers.message: Find  success"
time="2024-04-14T20:51:12+03:00" level=info msg="config.database.dbname: transactionsdb"
time="2024-04-14T20:51:12+03:00" level=info msg="config.database.port: 5432"
time="2024-04-14T20:51:12+03:00" level=info msg="config.database.user: mplspsql"
time="2024-04-14T20:51:12+03:00" level=info msg="config.database.sslmode: disable"
time="2024-04-14T20:51:12+03:00" level=info msg="config.database.host: localhost"
time="2024-04-14T20:51:12+03:00" level=info msg="config.database.password: mplspsql"
time="2024-04-14T20:51:12+03:00" level=info msg="config.restapi.host: localhost"
time="2024-04-14T20:51:12+03:00" level=info msg="config.restapi.sslmode: disable"
time="2024-04-14T20:51:12+03:00" level=info msg="config.restapi.port: 8080"
time="2024-04-14T20:51:12+03:00" level=info msg="dbs.ConnectDB: Connect() - Connection Opened to Database"
time="2024-04-14T20:51:12+03:00" level=info msg="dbs.MigrateDB: Model USERS Migration Completed"
time="2024-04-14T20:51:12+03:00" level=info msg="dbs.MigrateDB: Model TRANSACTIONS Migration Completed"
time="2024-04-14T20:51:12+03:00" level=info msg="======= Starting server on port 8080 ======="
time="2024-04-14T20:51:19+03:00" level=info msg="handlers.method: GET"
time="2024-04-14T20:51:19+03:00" level=info msg="handlers.path: /transactions/2"
time="2024-04-14T20:51:19+03:00" level=info msg="handlers.message: Find  success"
time="2024-04-14T20:53:50+03:00" level=info msg="config.database.dbname: transactionsdb"
time="2024-04-14T20:53:50+03:00" level=info msg="config.database.sslmode: disable"
time="2024-04-14T20:53:50+03:00" level=info msg="config.database.host: localhost"
time="2024-04-14T20:53:50+03:00" level=info msg="config.database.port: 5432"
time="2024-04-14T20:53:50+03:00" level=info msg="config.database.user: mplspsql"
time="2024-04-14T20:53:50+03:00" level=info msg="config.database.password: mplspsql"
time="2024-04-14T20:53:50+03:00" level=info msg="config.restapi.port: 8080"
time="2024-04-14T20:53:50+03:00" level=info msg="config.restapi.host: localhost"
time="2024-04-14T20:53:50+03:00" level=info msg="config.restapi.sslmode: disable"
time="2024-04-14T20:53:50+03:00" level=info msg="dbs.ConnectDB: Connect() - Connection Opened to Database"
time="2024-04-14T20:53:50+03:00" level=info msg="dbs.MigrateDB: Model USERS Migration Completed"
time="2024-04-14T20:53:50+03:00" level=info msg="dbs.MigrateDB: Model TRANSACTIONS Migration Completed"
time="2024-04-14T20:53:50+03:00" level=info msg="======= Starting server on port 8080 ======="
time="2024-04-14T20:53:59+03:00" level=info msg="handlers.method: GET"
time="2024-04-14T20:53:59+03:00" level=info msg="handlers.path: /transactions/2"
time="2024-04-14T20:53:59+03:00" level=info msg="handlers.message: Find  success"
time="2024-04-14T20:55:19+03:00" level=info msg="config.database.sslmode: disable"
time="2024-04-14T20:55:19+03:00" level=info msg="config.database.host: localhost"
time="2024-04-14T20:55:19+03:00" level=info msg="config.database.password: mplspsql"
time="2024-04-14T20:55:19+03:00" level=info msg="config.database.port: 5432"
time="2024-04-14T20:55:19+03:00" level=info msg="config.database.user: mplspsql"
time="2024-04-14T20:55:19+03:00" level=info msg="config.database.dbname: transactionsdb"
time="2024-04-14T20:55:19+03:00" level=info msg="config.restapi.port: 8080"
time="2024-04-14T20:55:19+03:00" level=info msg="config.restapi.host: localhost"
time="2024-04-14T20:55:19+03:00" level=info msg="config.restapi.sslmode: disable"
time="2024-04-14T20:55:19+03:00" level=info msg="dbs.ConnectDB: Connect() - Connection Opened to Database"
time="2024-04-14T20:55:19+03:00" level=info msg="dbs.MigrateDB: Model USERS Migration Completed"
time="2024-04-14T20:55:19+03:00" level=info msg="dbs.MigrateDB: Model TRANSACTIONS Migration Completed"
time="2024-04-14T20:55:19+03:00" level=info msg="======= Starting server on port 8080 ======="
time="2024-04-14T20:55:28+03:00" level=info msg="handlers.method: GET"
time="2024-04-14T20:55:28+03:00" level=info msg="handlers.path: /transactions/2"
time="2024-04-14T20:55:28+03:00" level=info msg="handlers.message: Find  success"
time="2024-04-14T21:01:32+03:00" level=info msg="config.database.port: 5432"
time="2024-04-14T21:01:32+03:00" level=info msg="config.database.user: mplspsql"
time="2024-04-14T21:01:32+03:00" level=info msg="config.database.dbname: transactionsdb"
time="2024-04-14T21:01:32+03:00" level=info msg="config.database.password: mplspsql"
time="2024-04-14T21:01:32+03:00" level=info msg="config.database.sslmode: disable"
time="2024-04-14T21:01:32+03:00" level=info msg="config.database.host: localhost"
time="2024-04-14T21:01:32+03:00" level=info msg="config.restapi.host: localhost"
time="2024-04-14T21:01:32+03:00" level=info msg="config.restapi.sslmode: disable"
time="2024-04-14T21:01:32+03:00" level=info msg="config.restapi.port: 8080"
time="2024-04-14T21:01:32+03:00" level=info msg="dbs.ConnectDB: Connect() - Connection Opened to Database"
time="2024-04-14T21:01:32+03:00" level=info msg="dbs.MigrateDB: Model USERS Migration Completed"
time="2024-04-14T21:01:32+03:00" level=info msg="dbs.MigrateDB: Model TRANSACTIONS Migration Completed"
time="2024-04-14T21:01:32+03:00" level=info msg="======= Starting server on port 8080 ======="
time="2024-04-14T21:01:43+03:00" level=info msg="handlers.method: GET"
time="2024-04-14T21:01:43+03:00" level=info msg="handlers.path: /transactions/2"
time="2024-04-14T21:01:43+03:00" level=info msg="handlers.message: Find  success"
time="2024-04-14T21:04:02+03:00" level=info msg="config.database.host: localhost"
time="2024-04-14T21:04:02+03:00" level=info msg="config.database.password: mplspsql"
time="2024-04-14T21:04:02+03:00" level=info msg="config.database.dbname: transactionsdb"
time="2024-04-14T21:04:02+03:00" level=info msg="config.database.user: mplspsql"
time="2024-04-14T21:04:02+03:00" level=info msg="config.database.port: 5432"
time="2024-04-14T21:04:02+03:00" level=info msg="config.database.sslmode: disable"
time="2024-04-14T21:04:02+03:00" level=info msg="config.restapi.sslmode: disable"
time="2024-04-14T21:04:02+03:00" level=info msg="config.restapi.host: localhost"
time="2024-04-14T21:04:02+03:00" level=info msg="config.restapi.port: 8080"
time="2024-04-14T21:04:02+03:00" level=info msg="dbs.ConnectDB: Connect() - Connection Opened to Database"
time="2024-04-14T21:04:02+03:00" level=info msg="dbs.MigrateDB: Model USERS Migration Completed"
time="2024-04-14T21:04:02+03:00" level=info msg="dbs.MigrateDB: Model TRANSACTIONS Migration Completed"
time="2024-04-14T21:04:02+03:00" level=info msg="======= Starting server on port 8080 ======="
time="2024-04-14T21:04:09+03:00" level=info msg="handlers.method: GET"
time="2024-04-14T21:04:09+03:00" level=info msg="handlers.path: /transactions/2"
time="2024-04-14T21:04:09+03:00" level=info msg="handlers.message: Find  success"
time="2024-04-14T21:05:05+03:00" level=info msg="config.database.port: 5432"
time="2024-04-14T21:05:05+03:00" level=info msg="config.database.host: localhost"
time="2024-04-14T21:05:05+03:00" level=info msg="config.database.user: mplspsql"
time="2024-04-14T21:05:05+03:00" level=info msg="config.database.password: mplspsql"
time="2024-04-14T21:05:05+03:00" level=info msg="config.database.dbname: transactionsdb"
time="2024-04-14T21:05:05+03:00" level=info msg="config.database.sslmode: disable"
time="2024-04-14T21:05:05+03:00" level=info msg="config.restapi.sslmode: disable"
time="2024-04-14T21:05:05+03:00" level=info msg="config.restapi.host: localhost"
time="2024-04-14T21:05:05+03:00" level=info msg="config.restapi.port: 8080"
time="2024-04-14T21:05:05+03:00" level=info msg="dbs.ConnectDB: Connect() - Connection Opened to Database"
time="2024-04-14T21:05:05+03:00" level=info msg="dbs.MigrateDB: Model USERS Migration Completed"
time="2024-04-14T21:05:05+03:00" level=info msg="dbs.MigrateDB: Model TRANSACTIONS Migration Completed"
time="2024-04-14T21:05:05+03:00" level=info msg="======= Starting server on port 8080 ======="
time="2024-04-14T21:05:15+03:00" level=info msg="handlers.method: GET"
time="2024-04-14T21:05:15+03:00" level=info msg="handlers.path: /transactions/2"
time="2024-04-14T21:05:15+03:00" level=info msg="handlers.message: Find  success"
time="2024-04-14T21:06:17+03:00" level=info msg="config.restapi.host: localhost"
time="2024-04-14T21:06:17+03:00" level=info msg="config.restapi.port: 8080"
time="2024-04-14T21:06:17+03:00" level=info msg="config.restapi.sslmode: disable"
time="2024-04-14T21:06:17+03:00" level=info msg="config.database.port: 5432"
time="2024-04-14T21:06:17+03:00" level=info msg="config.database.password: mplspsql"
time="2024-04-14T21:06:17+03:00" level=info msg="config.database.user: mplspsql"
time="2024-04-14T21:06:17+03:00" level=info msg="config.database.dbname: transactionsdb"
time="2024-04-14T21:06:17+03:00" level=info msg="config.database.sslmode: disable"
time="2024-04-14T21:06:17+03:00" level=info msg="config.database.host: localhost"
time="2024-04-14T21:06:17+03:00" level=info msg="dbs.ConnectDB: Connect() - Connection Opened to Database"
time="2024-04-14T21:06:17+03:00" level=info msg="dbs.MigrateDB: Model USERS Migration Completed"
time="2024-04-14T21:06:17+03:00" level=info msg="dbs.MigrateDB: Model TRANSACTIONS Migration Completed"
time="2024-04-14T21:06:17+03:00" level=info msg="======= Starting server on port 8080 ======="
time="2024-04-14T21:06:25+03:00" level=info msg="handlers.method: GET"
time="2024-04-14T21:06:25+03:00" level=info msg="handlers.path: /transactions/2"
time="2024-04-14T21:06:25+03:00" level=info msg="handlers.message: Find  success"
time="2024-04-14T21:09:25+03:00" level=info msg="config.database.host: localhost"
time="2024-04-14T21:09:25+03:00" level=info msg="config.database.password: mplspsql"
time="2024-04-14T21:09:25+03:00" level=info msg="config.database.dbname: transactionsdb"
time="2024-04-14T21:09:25+03:00" level=info msg="config.database.port: 5432"
time="2024-04-14T21:09:25+03:00" level=info msg="config.database.user: mplspsql"
time="2024-04-14T21:09:25+03:00" level=info msg="config.database.sslmode: disable"
time="2024-04-14T21:09:25+03:00" level=info msg="config.restapi.sslmode: disable"
time="2024-04-14T21:09:25+03:00" level=info msg="config.restapi.host: localhost"
time="2024-04-14T21:09:25+03:00" level=info msg="config.restapi.port: 8080"
time="2024-04-14T21:09:25+03:00" level=info msg="dbs.ConnectDB: Connect() - Connection Opened to Database"
time="2024-04-14T21:09:25+03:00" level=info msg="dbs.MigrateDB: Model USERS Migration Completed"
time="2024-04-14T21:09:25+03:00" level=info msg="dbs.MigrateDB: Model TRANSACTIONS Migration Completed"
time="2024-04-14T21:09:25+03:00" level=info msg="======= Starting server on port 8080 ======="
time="2024-04-14T21:09:33+03:00" level=info msg="handlers.method: GET"
time="2024-04-14T21:09:33+03:00" level=info msg="handlers.path: /transactions/2"
time="2024-04-14T21:09:33+03:00" level=info msg="handlers.message: Find  success"
time="2024-04-14T22:52:24+03:00" level=info msg="config.database.port: 5432"
time="2024-04-14T22:52:24+03:00" level=info msg="config.database.user: mplspsql"
time="2024-04-14T22:52:24+03:00" level=info msg="config.database.password: mplspsql"
time="2024-04-14T22:52:24+03:00" level=info msg="config.database.dbname: transactionsdb"
time="2024-04-14T22:52:24+03:00" level=info msg="config.database.sslmode: disable"
time="2024-04-14T22:52:24+03:00" level=info msg="config.database.host: localhost"
time="2024-04-14T22:52:24+03:00" level=info msg="config.restapi.host: localhost"
time="2024-04-14T22:52:24+03:00" level=info msg="config.restapi.port: 8080"
time="2024-04-14T22:52:24+03:00" level=info msg="config.restapi.sslmode: disable"
time="2024-04-14T22:52:24+03:00" level=info msg="dbs.ConnectDB: Connect() - Connection Opened to Database"
time="2024-04-14T22:52:24+03:00" level=info msg="dbs.MigrateDB: Model USERS Migration Completed"
time="2024-04-14T22:52:24+03:00" level=info msg="dbs.MigrateDB: Model TRANSACTIONS Migration Completed"
time="2024-04-14T22:52:24+03:00" level=info msg="======= Starting server on port 8080 ======="
time="2024-04-14T22:52:34+03:00" level=info msg="handlers.message: Find  success"
time="2024-04-14T22:52:34+03:00" level=info msg="handlers.method: GET"
time="2024-04-14T22:52:34+03:00" level=info msg="handlers.path: /transactions/2"
time="2024-04-14T22:53:32+03:00" level=info msg="config.database.dbname: transactionsdb"
time="2024-04-14T22:53:32+03:00" level=info msg="config.database.port: 5432"
time="2024-04-14T22:53:32+03:00" level=info msg="config.database.user: mplspsql"
time="2024-04-14T22:53:32+03:00" level=info msg="config.database.password: mplspsql"
time="2024-04-14T22:53:32+03:00" level=info msg="config.database.sslmode: disable"
time="2024-04-14T22:53:32+03:00" level=info msg="config.database.host: localhost"
time="2024-04-14T22:53:32+03:00" level=info msg="config.restapi.sslmode: disable"
time="2024-04-14T22:53:32+03:00" level=info msg="config.restapi.host: localhost"
time="2024-04-14T22:53:32+03:00" level=info msg="config.restapi.port: 8080"
time="2024-04-14T22:53:32+03:00" level=info msg="dbs.ConnectDB: Connect() - Connection Opened to Database"
time="2024-04-14T22:53:32+03:00" level=info msg="dbs.MigrateDB: Model USERS Migration Completed"
time="2024-04-14T22:53:33+03:00" level=info msg="dbs.MigrateDB: Model TRANSACTIONS Migration Completed"
time="2024-04-14T22:53:33+03:00" level=info msg="======= Starting server on port 8080 ======="
time="2024-04-14T22:53:41+03:00" level=info msg="handlers.message: Find  success"
time="2024-04-14T22:53:41+03:00" level=info msg="handlers.method: GET"
time="2024-04-14T22:53:41+03:00" level=info msg="handlers.path: /transactions/2"
time="2024-04-14T23:06:05+03:00" level=info msg="config.database.password: mplspsql"
time="2024-04-14T23:06:05+03:00" level=info msg="config.database.dbname: transactionsdb"
time="2024-04-14T23:06:05+03:00" level=info msg="config.database.sslmode: disable"
time="2024-04-14T23:06:05+03:00" level=info msg="config.database.host: localhost"
time="2024-04-14T23:06:05+03:00" level=info msg="config.database.port: 5432"
time="2024-04-14T23:06:05+03:00" level=info msg="config.database.user: mplspsql"
time="2024-04-14T23:06:05+03:00" level=info msg="config.restapi.host: localhost"
time="2024-04-14T23:06:05+03:00" level=info msg="config.restapi.port: 8080"
time="2024-04-14T23:06:05+03:00" level=info msg="config.restapi.sslmode: disable"
time="2024-04-14T23:06:05+03:00" level=info msg="dbs.ConnectDB: Connect() - Connection Opened to Database"
time="2024-04-14T23:06:05+03:00" level=info msg="dbs.MigrateDB: Model USERS Migration Completed"
time="2024-04-14T23:06:06+03:00" level=info msg="dbs.MigrateDB: Model TRANSACTIONS Migration Completed"
time="2024-04-14T23:06:06+03:00" level=info msg="======= Starting server on port 8080 ======="
time="2024-04-14T23:06:14+03:00" level=info msg="handlers.method: GET"
time="2024-04-14T23:06:14+03:00" level=info msg="handlers.path: /transactions/2"
time="2024-04-14T23:06:14+03:00" level=info msg="handlers.message: Find  success"
time="2024-04-14T23:07:21+03:00" level=info msg="config.database.port: 5432"
time="2024-04-14T23:07:21+03:00" level=info msg="config.database.user: mplspsql"
time="2024-04-14T23:07:21+03:00" level=info msg="config.database.password: mplspsql"
time="2024-04-14T23:07:21+03:00" level=info msg="config.database.dbname: transactionsdb"
time="2024-04-14T23:07:21+03:00" level=info msg="config.database.sslmode: disable"
time="2024-04-14T23:07:21+03:00" level=info msg="config.database.host: localhost"
time="2024-04-14T23:07:21+03:00" level=info msg="config.restapi.port: 8080"
time="2024-04-14T23:07:21+03:00" level=info msg="config.restapi.sslmode: disable"
time="2024-04-14T23:07:21+03:00" level=info msg="config.restapi.host: localhost"
time="2024-04-14T23:07:21+03:00" level=info msg="dbs.ConnectDB: Connect() - Connection Opened to Database"
time="2024-04-14T23:07:21+03:00" level=info msg="dbs.MigrateDB: Model USERS Migration Completed"
time="2024-04-14T23:07:21+03:00" level=info msg="dbs.MigrateDB: Model TRANSACTIONS Migration Completed"
time="2024-04-14T23:07:21+03:00" level=info msg="======= Starting server on port 8080 ======="
time="2024-04-14T23:07:26+03:00" level=info msg="handlers.path: /transactions/2"
time="2024-04-14T23:07:26+03:00" level=info msg="handlers.message: Find  success"
time="2024-04-14T23:07:26+03:00" level=info msg="handlers.method: GET"
time="2024-04-14T23:09:31+03:00" level=info msg="config.database.port: 5432"
time="2024-04-14T23:09:31+03:00" level=info msg="config.database.user: mplspsql"
time="2024-04-14T23:09:31+03:00" level=info msg="config.database.password: mplspsql"
time="2024-04-14T23:09:31+03:00" level=info msg="config.database.host: localhost"
time="2024-04-14T23:09:31+03:00" level=info msg="config.database.dbname: transactionsdb"
time="2024-04-14T23:09:31+03:00" level=info msg="config.database.sslmode: disable"
time="2024-04-14T23:09:31+03:00" level=info msg="config.restapi.host: localhost"
time="2024-04-14T23:09:31+03:00" level=info msg="config.restapi.port: 8080"
time="2024-04-14T23:09:31+03:00" level=info msg="config.restapi.sslmode: disable"
time="2024-04-14T23:09:31+03:00" level=info msg="dbs.ConnectDB: Connect() - Connection Opened to Database"
time="2024-04-14T23:09:31+03:00" level=info msg="dbs.MigrateDB: Model USERS Migration Completed"
time="2024-04-14T23:09:31+03:00" level=info msg="dbs.MigrateDB: Model TRANSACTIONS Migration Completed"
time="2024-04-14T23:09:31+03:00" level=info msg="======= Starting server on port 8080 ======="
time="2024-04-14T23:09:37+03:00" level=info msg="handlers.method: GET"
time="2024-04-14T23:09:37+03:00" level=info msg="handlers.path: /transactions/2"
time="2024-04-14T23:09:37+03:00" level=info msg="handlers.message: Find  success"
time="2024-04-14T23:12:55+03:00" level=info msg="config.restapi.host: localhost"
time="2024-04-14T23:12:55+03:00" level=info msg="config.restapi.port: 8080"
time="2024-04-14T23:12:55+03:00" level=info msg="config.restapi.sslmode: disable"
time="2024-04-14T23:12:55+03:00" level=info msg="config.database.password: mplspsql"
time="2024-04-14T23:12:55+03:00" level=info msg="config.database.dbname: transactionsdb"
time="2024-04-14T23:12:55+03:00" level=info msg="config.database.sslmode: disable"
time="2024-04-14T23:12:55+03:00" level=info msg="config.database.port: 5432"
time="2024-04-14T23:12:55+03:00" level=info msg="config.database.user: mplspsql"
time="2024-04-14T23:12:55+03:00" level=info msg="config.database.host: localhost"
time="2024-04-14T23:12:55+03:00" level=info msg="dbs.ConnectDB: Connect() - Connection Opened to Database"
time="2024-04-14T23:12:55+03:00" level=info msg="dbs.MigrateDB: Model USERS Migration Completed"
time="2024-04-14T23:12:55+03:00" level=info msg="dbs.MigrateDB: Model TRANSACTIONS Migration Completed"
time="2024-04-14T23:12:55+03:00" level=info msg="======= Starting server on port 8080 ======="
time="2024-04-14T23:13:03+03:00" level=info msg="handlers.path: /transactions/2"
time="2024-04-14T23:13:03+03:00" level=info msg="handlers.message: Find  success"
time="2024-04-14T23:13:03+03:00" level=info msg="handlers.method: GET"
time="2024-04-14T23:14:58+03:00" level=info msg="config.database.user: mplspsql"
time="2024-04-14T23:14:58+03:00" level=info msg="config.database.password: mplspsql"
time="2024-04-14T23:14:58+03:00" level=info msg="config.database.dbname: transactionsdb"
time="2024-04-14T23:14:58+03:00" level=info msg="config.database.sslmode: disable"
time="2024-04-14T23:14:58+03:00" level=info msg="config.database.host: localhost"
time="2024-04-14T23:14:58+03:00" level=info msg="config.database.port: 5432"
time="2024-04-14T23:14:58+03:00" level=info msg="config.restapi.port: 8080"
time="2024-04-14T23:14:58+03:00" level=info msg="config.restapi.sslmode: disable"
time="2024-04-14T23:14:58+03:00" level=info msg="config.restapi.host: localhost"
time="2024-04-14T23:14:58+03:00" level=info msg="dbs.ConnectDB: Connect() - Connection Opened to Database"
time="2024-04-14T23:14:58+03:00" level=info msg="dbs.MigrateDB: Model USERS Migration Completed"
time="2024-04-14T23:14:58+03:00" level=info msg="dbs.MigrateDB: Model TRANSACTIONS Migration Completed"
time="2024-04-14T23:14:58+03:00" level=info msg="======= Starting server on port 8080 ======="
time="2024-04-14T23:15:04+03:00" level=info msg="handlers.method: GET"
time="2024-04-14T23:15:04+03:00" level=info msg="handlers.path: /transactions/2"
time="2024-04-14T23:15:04+03:00" level=info msg="handlers.message: Find  success"
time="2024-04-14T23:15:55+03:00" level=info msg="config.restapi.host: localhost"
time="2024-04-14T23:15:55+03:00" level=info msg="config.restapi.port: 8080"
time="2024-04-14T23:15:55+03:00" level=info msg="config.restapi.sslmode: disable"
time="2024-04-14T23:15:55+03:00" level=info msg="config.database.dbname: transactionsdb"
time="2024-04-14T23:15:55+03:00" level=info msg="config.database.sslmode: disable"
time="2024-04-14T23:15:55+03:00" level=info msg="config.database.host: localhost"
time="2024-04-14T23:15:55+03:00" level=info msg="config.database.port: 5432"
time="2024-04-14T23:15:55+03:00" level=info msg="config.database.user: mplspsql"
time="2024-04-14T23:15:55+03:00" level=info msg="config.database.password: mplspsql"
time="2024-04-14T23:15:55+03:00" level=info msg="dbs.ConnectDB: Connect() - Connection Opened to Database"
time="2024-04-14T23:15:55+03:00" level=info msg="dbs.MigrateDB: Model USERS Migration Completed"
time="2024-04-14T23:15:55+03:00" level=info msg="dbs.MigrateDB: Model TRANSACTIONS Migration Completed"
time="2024-04-14T23:15:55+03:00" level=info msg="======= Starting server on port 8080 ======="
time="2024-04-14T23:16:03+03:00" level=info msg="handlers.method: GET"
time="2024-04-14T23:16:03+03:00" level=info msg="handlers.path: /transactions/2"
time="2024-04-14T23:16:03+03:00" level=info msg="handlers.message: Find  success"
time="2024-04-14T23:21:21+03:00" level=info msg="config.database.user: mplspsql"
time="2024-04-14T23:21:21+03:00" level=info msg="config.database.sslmode: disable"
time="2024-04-14T23:21:21+03:00" level=info msg="config.database.port: 5432"
time="2024-04-14T23:21:21+03:00" level=info msg="config.database.password: mplspsql"
time="2024-04-14T23:21:21+03:00" level=info msg="config.database.dbname: transactionsdb"
time="2024-04-14T23:21:21+03:00" level=info msg="config.database.host: localhost"
time="2024-04-14T23:21:21+03:00" level=info msg="config.restapi.sslmode: disable"
time="2024-04-14T23:21:21+03:00" level=info msg="config.restapi.host: localhost"
time="2024-04-14T23:21:21+03:00" level=info msg="config.restapi.port: 8080"
time="2024-04-14T23:21:21+03:00" level=info msg="dbs.ConnectDB: Connect() - Connection Opened to Database"
time="2024-04-14T23:21:21+03:00" level=info msg="dbs.MigrateDB: Model USERS Migration Completed"
time="2024-04-14T23:21:21+03:00" level=info msg="dbs.MigrateDB: Model TRANSACTIONS Migration Completed"
time="2024-04-14T23:21:21+03:00" level=info msg="======= Starting server on port 8080 ======="
time="2024-04-14T23:21:26+03:00" level=info msg="handlers.method: GET"
time="2024-04-14T23:21:26+03:00" level=info msg="handlers.path: /transactions/2"
time="2024-04-14T23:21:26+03:00" level=info msg="handlers.message: Find  success"
time="2024-04-14T23:26:16+03:00" level=info msg="config.database.dbname: transactionsdb"
time="2024-04-14T23:26:16+03:00" level=info msg="config.database.host: localhost"
time="2024-04-14T23:26:16+03:00" level=info msg="config.database.sslmode: disable"
time="2024-04-14T23:26:16+03:00" level=info msg="config.database.port: 5432"
time="2024-04-14T23:26:16+03:00" level=info msg="config.database.user: mplspsql"
time="2024-04-14T23:26:16+03:00" level=info msg="config.database.password: mplspsql"
time="2024-04-14T23:26:16+03:00" level=info msg="config.restapi.sslmode: disable"
time="2024-04-14T23:26:16+03:00" level=info msg="config.restapi.host: localhost"
time="2024-04-14T23:26:16+03:00" level=info msg="config.restapi.port: 8080"
time="2024-04-14T23:26:16+03:00" level=info msg="dbs.ConnectDB: Connect() - Connection Opened to Database"
time="2024-04-14T23:26:16+03:00" level=info msg="dbs.MigrateDB: Model USERS Migration Completed"
time="2024-04-14T23:26:16+03:00" level=info msg="dbs.MigrateDB: Model TRANSACTIONS Migration Completed"
time="2024-04-14T23:26:16+03:00" level=info msg="======= Starting server on port 8080 ======="
time="2024-04-14T23:26:26+03:00" level=info msg="handlers.method: GET"
time="2024-04-14T23:26:26+03:00" level=info msg="handlers.path: /transactions/2"
time="2024-04-14T23:26:26+03:00" level=info msg="handlers.message: Find  success"
time="2024-04-14T23:27:10+03:00" level=info msg="config.database.port: 5432"
time="2024-04-14T23:27:10+03:00" level=info msg="config.database.dbname: transactionsdb"
time="2024-04-14T23:27:10+03:00" level=info msg="config.database.host: localhost"
time="2024-04-14T23:27:10+03:00" level=info msg="config.database.user: mplspsql"
time="2024-04-14T23:27:10+03:00" level=info msg="config.database.password: mplspsql"
time="2024-04-14T23:27:10+03:00" level=info msg="config.database.sslmode: disable"
time="2024-04-14T23:27:10+03:00" level=info msg="config.restapi.host: localhost"
time="2024-04-14T23:27:10+03:00" level=info msg="config.restapi.port: 8080"
time="2024-04-14T23:27:10+03:00" level=info msg="config.restapi.sslmode: disable"
time="2024-04-14T23:27:10+03:00" level=info msg="dbs.ConnectDB: Connect() - Connection Opened to Database"
time="2024-04-14T23:27:10+03:00" level=info msg="dbs.MigrateDB: Model USERS Migration Completed"
time="2024-04-14T23:27:10+03:00" level=info msg="dbs.MigrateDB: Model TRANSACTIONS Migration Completed"
time="2024-04-14T23:27:10+03:00" level=info msg="======= Starting server on port 8080 ======="
time="2024-04-14T23:49:10+03:00" level=info msg="config.database.sslmode: disable"
time="2024-04-14T23:49:10+03:00" level=info msg="config.database.host: localhost"
time="2024-04-14T23:49:10+03:00" level=info msg="config.database.port: 5432"
time="2024-04-14T23:49:10+03:00" level=info msg="config.database.dbname: transactionsdb"
time="2024-04-14T23:49:10+03:00" level=info msg="config.database.user: mplspsql"
time="2024-04-14T23:49:10+03:00" level=info msg="config.database.password: mplspsql"
time="2024-04-14T23:49:10+03:00" level=info msg="config.restapi.sslmode: disable"
time="2024-04-14T23:49:10+03:00" level=info msg="config.restapi.port: 8080"
time="2024-04-14T23:49:10+03:00" level=info msg="config.restapi.host: localhost"
time="2024-04-14T23:49:33+03:00" level=info msg="config.database.dbname: transactionsdb"
time="2024-04-14T23:49:33+03:00" level=info msg="config.database.host: localhost"
time="2024-04-14T23:49:33+03:00" level=info msg="config.database.sslmode: disable"
time="2024-04-14T23:49:33+03:00" level=info msg="config.database.port: 5432"
time="2024-04-14T23:49:33+03:00" level=info msg="config.database.user: mplspsql"
time="2024-04-14T23:49:33+03:00" level=info msg="config.database.password: mplspsql"
time="2024-04-14T23:49:33+03:00" level=info msg="config.restapi.port: 8080"
time="2024-04-14T23:49:33+03:00" level=info msg="config.restapi.host: localhost"
time="2024-04-14T23:49:33+03:00" level=info msg="config.restapi.sslmode: disable"
time="2024-04-14T23:49:33+03:00" level=info msg="dbs.ConnectDB: Connect() - Connection Opened to Database"
time="2024-04-14T23:49:33+03:00" level=info msg="dbs.MigrateDB: Model USERS Migration Completed"
time="2024-04-14T23:49:33+03:00" level=info msg="dbs.MigrateDB: Model TRANSACTIONS Migration Completed"
time="2024-04-14T23:49:33+03:00" level=info msg="======= Starting server on port 8080 ======="
